<?xml version="1.0" encoding="UTF-8"?>
<testng-results ignored="0" total="2" passed="2" failed="0" skipped="0">
  <reporter-output>
  </reporter-output>
  <suite started-at="2025-05-20T16:48:55 CDT" name="Surefire suite" finished-at="2025-05-20T16:49:05 CDT" duration-ms="9929">
    <groups>
    </groups>
    <test started-at="2025-05-20T16:48:55 CDT" name="Surefire test" finished-at="2025-05-20T16:49:05 CDT" duration-ms="9929">
      <class name="tests.LoginTest">
        <test-method is-config="true" signature="SetupReport()[pri:0, instance:tests.LoginTest@c267ef4]" started-at="2025-05-20T16:48:55 CDT" name="SetupReport" finished-at="2025-05-20T16:48:55 CDT" duration-ms="244" status="PASS">
          <reporter-output>
          </reporter-output>
        </test-method> <!-- SetupReport -->
        <test-method is-config="true" signature="SetUp()[pri:0, instance:tests.LoginTest@c267ef4]" started-at="2025-05-20T16:48:55 CDT" name="SetUp" finished-at="2025-05-20T16:49:00 CDT" duration-ms="4846" status="PASS">
          <reporter-output>
          </reporter-output>
        </test-method> <!-- SetUp -->
        <test-method signature="TestLoginWithWrongDetails()[pri:0, instance:tests.LoginTest@c267ef4]" started-at="2025-05-20T16:49:00 CDT" name="TestLoginWithWrongDetails" finished-at="2025-05-20T16:49:01 CDT" duration-ms="1094" status="PASS">
          <reporter-output>
          </reporter-output>
        </test-method> <!-- TestLoginWithWrongDetails -->
        <test-method is-config="true" signature="tearDown(org.testng.ITestResult)[pri:0, instance:tests.LoginTest@c267ef4]" started-at="2025-05-20T16:49:01 CDT" name="tearDown" finished-at="2025-05-20T16:49:01 CDT" duration-ms="205" status="PASS">
          <params>
            <param index="0">
              <value>
                <![CDATA[[TestResult name=TestLoginWithWrongDetails status=SUCCESS method=LoginTest.TestLoginWithWrongDetails()[pri:0, instance:tests.LoginTest@c267ef4] output={null}]]]>
              </value>
            </param>
          </params>
          <reporter-output>
          </reporter-output>
        </test-method> <!-- tearDown -->
        <test-method is-config="true" signature="SetUp()[pri:0, instance:tests.LoginTest@c267ef4]" started-at="2025-05-20T16:49:01 CDT" name="SetUp" finished-at="2025-05-20T16:49:04 CDT" duration-ms="2503" status="PASS">
          <reporter-output>
          </reporter-output>
        </test-method> <!-- SetUp -->
        <test-method signature="TestValidLogin()[pri:0, instance:tests.LoginTest@c267ef4]" started-at="2025-05-20T16:49:04 CDT" name="TestValidLogin" finished-at="2025-05-20T16:49:05 CDT" duration-ms="1009" status="PASS">
          <reporter-output>
          </reporter-output>
        </test-method> <!-- TestValidLogin -->
        <test-method is-config="true" signature="tearDown(org.testng.ITestResult)[pri:0, instance:tests.LoginTest@c267ef4]" started-at="2025-05-20T16:49:05 CDT" name="tearDown" finished-at="2025-05-20T16:49:05 CDT" duration-ms="215" status="PASS">
          <params>
            <param index="0">
              <value>
                <![CDATA[[TestResult name=TestValidLogin status=SUCCESS method=LoginTest.TestValidLogin()[pri:0, instance:tests.LoginTest@c267ef4] output={null}]]]>
              </value>
            </param>
          </params>
          <reporter-output>
          </reporter-output>
        </test-method> <!-- tearDown -->
        <test-method is-config="true" signature="TeardownReport()[pri:0, instance:tests.LoginTest@c267ef4]" started-at="2025-05-20T16:49:05 CDT" name="TeardownReport" finished-at="2025-05-20T16:49:05 CDT" duration-ms="254" status="PASS">
          <reporter-output>
          </reporter-output>
        </test-method> <!-- TeardownReport -->
      </class> <!-- tests.LoginTest -->
    </test> <!-- Surefire test -->
  </suite> <!-- Surefire suite -->
</testng-results>
